"../../../../../SplitScreen/SplitScreen/Content/FirstPerson/Meshes/BaseMaterial.uasset" 0
"../../../../../SplitScreen/SplitScreen/Content/FirstPerson/Meshes/CubeMaterialOverride.uasset" 1
"../../../../../SplitScreen/SplitScreen/Content/Geometry/Meshes/CubeMaterial.uasset" 2
"../../../../../SplitScreen/SplitScreen/Content/Geometry/Meshes/1M_Cube.uasset" 3
"../../../../../SplitScreen/SplitScreen/Content/Door/Key_BP.uasset" 4
"../../../../../SplitScreen/SplitScreen/Content/Key_BP.uasset" 5
"../../../Engine/Content/BasicShapes/BasicShapeMaterial.uasset" 6
"../../../Engine/Content/Functions/Engine_MaterialFunctions01/Opacity/CameraDepthFade.uasset" 7
"../../../Engine/Content/EngineMaterials/T_Default_Material_Grid_M.uasset" 8
"../../../Engine/Content/EngineMaterials/T_Default_Material_Grid_N.uasset" 9
"../../../Engine/Content/EngineMaterials/WorldGridMaterial.uasset" 10
"../../../Engine/Content/BasicShapes/Cube.uasset" 11
"../../../../../SplitScreen/SplitScreen/Content/FirstPerson/arm.uasset" 12
"../../../../../SplitScreen/SplitScreen/Content/FirstPersonBP/Blueprints/PlayerWidget.uasset" 13
"../../../../../SplitScreen/SplitScreen/Content/StarterContent/Textures/T_Burst_M.uasset" 14
"../../../../../SplitScreen/SplitScreen/Content/StarterContent/Particles/Materials/M_Burst.uasset" 15
"../../../../../SplitScreen/SplitScreen/Content/StarterContent/Textures/T_Explosion_SubUV.uasset" 16
"../../../../../SplitScreen/SplitScreen/Content/StarterContent/Particles/Materials/M_explosion_subUV.uasset" 17
"../../../../../SplitScreen/SplitScreen/Content/StarterContent/Particles/Materials/m_flare_01.uasset" 18
"../../../Engine/Content/Functions/Engine_MaterialFunctions01/Gradient/RadialGradient.uasset" 19
"../../../../../SplitScreen/SplitScreen/Content/StarterContent/Particles/Materials/M_radial_ramp.uasset" 20
"../../../../../SplitScreen/SplitScreen/Content/StarterContent/Textures/T_Smoke_SubUV.uasset" 21
"../../../../../SplitScreen/SplitScreen/Content/StarterContent/Textures/T_Smoke_Tiled_D.uasset" 22
"../../../../../SplitScreen/SplitScreen/Content/StarterContent/Particles/Materials/M_smoke_subUV.uasset" 23
"../../../../../SplitScreen/SplitScreen/Content/StarterContent/Particles/P_Explosion.uasset" 24
"../../../../../SplitScreen/SplitScreen/Content/FirstPersonBP/Blueprints/FirstPersonCharacter.uasset" 25
"../../../../../SplitScreen/SplitScreen/Content/FirstPersonBP/NextLevel.uasset" 26
"../../../../../SplitScreen/SplitScreen/Content/NextLevel.uasset" 27
"../../../../../SplitScreen/SplitScreen/Content/FirstPerson/Character/Mesh/SK_Mannequin_Arms_Skeleton.uasset" 28
"../../../../../SplitScreen/SplitScreen/Content/FirstPerson/Animations/FirstPerson_Fire.uasset" 29
"../../../../../SplitScreen/SplitScreen/Content/FirstPerson/Animations/FirstPersonFire_Montage.uasset" 30
"../../../../../SplitScreen/SplitScreen/Content/FirstPerson/Audio/FirstPersonTemplateWeaponFire02.uasset" 31
"../../../../../SplitScreen/SplitScreen/Content/FirstPerson/Animations/FirstPerson_Idle.uasset" 32
"../../../../../SplitScreen/SplitScreen/Content/FirstPerson/Animations/FirstPerson_JumpEnd.uasset" 33
"../../../../../SplitScreen/SplitScreen/Content/FirstPerson/Animations/FirstPerson_JumpLoop.uasset" 34
"../../../../../SplitScreen/SplitScreen/Content/FirstPerson/Animations/FirstPerson_JumpStart.uasset" 35
"../../../../../SplitScreen/SplitScreen/Content/FirstPerson/Animations/FirstPerson_Run.uasset" 36
"../../../Engine/Content/EditorBlueprintResources/StandardMacros.uasset" 37
"../../../../../SplitScreen/SplitScreen/Content/FirstPerson/Animations/FirstPerson_AnimBP.uasset" 38
"../../../../../SplitScreen/SplitScreen/Content/FirstPerson/Character/Mesh/FirstPersonAnimBlueprint_Copy.uasset" 39
"../../../Engine/Content/Functions/Engine_MaterialFunctions02/Utility/BlendAngleCorrectedNormals.uasset" 40
"../../../Engine/Content/Functions/MaterialLayerFunctions/MatLayerBlend_NormalBlend.uasset" 41
"../../../Engine/Content/Functions/MaterialLayerFunctions/MatLayerBlend_Simple.uasset" 42
"../../../../../SplitScreen/SplitScreen/Content/FirstPerson/Character/Materials/MaterialLayers/T_ML_Rubber_Blue_01_D.uasset" 43
"../../../../../SplitScreen/SplitScreen/Content/FirstPerson/Character/Materials/MaterialLayers/T_ML_Rubber_Blue_01_N.uasset" 44
"../../../../../SplitScreen/SplitScreen/Content/FirstPerson/Character/Materials/MaterialLayers/ML_GlossyBlack_Latex_UE4.uasset" 45
"../../../../../SplitScreen/SplitScreen/Content/FirstPerson/Character/Materials/MaterialLayers/ML_Plastic_Shiny_Beige.uasset" 46
"../../../../../SplitScreen/SplitScreen/Content/FirstPerson/Character/Textures/UE4_LOGO_CARD.uasset" 47
"../../../../../SplitScreen/SplitScreen/Content/FirstPerson/Character/Materials/MaterialLayers/ML_Plastic_Shiny_Beige_LOGO.uasset" 48
"../../../../../SplitScreen/SplitScreen/Content/FirstPerson/Character/Materials/MaterialLayers/T_ML_Aluminum01.uasset" 49
"../../../../../SplitScreen/SplitScreen/Content/FirstPerson/Character/Materials/MaterialLayers/T_ML_Aluminum01_N.uasset" 50
"../../../../../SplitScreen/SplitScreen/Content/FirstPerson/Character/Materials/MaterialLayers/ML_SoftMetal_UE4.uasset" 51
"../../../../../SplitScreen/SplitScreen/Content/FirstPerson/Character/Textures/UE4_Mannequin__normals.uasset" 52
"../../../../../SplitScreen/SplitScreen/Content/FirstPerson/Character/Textures/UE4_Mannequin_MAT_MASKA.uasset" 53
"../../../../../SplitScreen/SplitScreen/Content/FirstPerson/Character/Materials/M_UE4Man_Body.uasset" 54
"../../../../../SplitScreen/SplitScreen/Content/FirstPerson/Character/Mesh/SK_Mannequin_Arms_PhysicsAsset.uasset" 55
"../../../../../SplitScreen/SplitScreen/Content/FirstPerson/Character/Mesh/SK_Mannequin_Arms.uasset" 56
"../../../../../SplitScreen/SplitScreen/Content/FirstPerson/FPWeapon/Materials/MaterialLayers/ML_Plastic_Shiny_Beige_LOGO.uasset" 57
"../../../../../SplitScreen/SplitScreen/Content/FirstPerson/FPWeapon/Materials/MaterialLayers/T_ML_FineRubber.uasset" 58
"../../../../../SplitScreen/SplitScreen/Content/FirstPerson/FPWeapon/Materials/MaterialLayers/T_ML_Rubber_Blue_01_D.uasset" 59
"../../../../../SplitScreen/SplitScreen/Content/FirstPerson/FPWeapon/Materials/MaterialLayers/T_ML_Rubber_Blue_01_N.uasset" 60
"../../../../../SplitScreen/SplitScreen/Content/FirstPerson/FPWeapon/Materials/MaterialLayers/ML_GlossyBlack_Latex_UE4.uasset" 61
"../../../../../SplitScreen/SplitScreen/Content/FirstPerson/FPWeapon/Materials/MaterialLayers/ML_Plastic_Shiny_Beige.uasset" 62
"../../../../../SplitScreen/SplitScreen/Content/FirstPerson/FPWeapon/Materials/MaterialLayers/ML_Screen.uasset" 63
"../../../../../SplitScreen/SplitScreen/Content/FirstPerson/FPWeapon/Materials/MaterialLayers/T_ML_Aluminum01.uasset" 64
"../../../../../SplitScreen/SplitScreen/Content/FirstPerson/FPWeapon/Materials/MaterialLayers/T_ML_Aluminum01_N.uasset" 65
"../../../../../SplitScreen/SplitScreen/Content/FirstPerson/FPWeapon/Materials/MaterialLayers/ML_SoftMetal_UE4.uasset" 66
"../../../../../SplitScreen/SplitScreen/Content/FirstPerson/FPWeapon/Textures/T_FPGun_M.uasset" 67
"../../../../../SplitScreen/SplitScreen/Content/FirstPerson/FPWeapon/Textures/T_FPGun_N.uasset" 68
"../../../../../SplitScreen/SplitScreen/Content/FirstPerson/FPWeapon/Materials/M_FPGun.uasset" 69
"../../../../../SplitScreen/SplitScreen/Content/FirstPerson/FPWeapon/Mesh/SK_FPGun_Skeleton.uasset" 70
"../../../../../SplitScreen/SplitScreen/Content/FirstPerson/FPWeapon/Mesh/SK_FPGun.uasset" 71
"../../../../../SplitScreen/SplitScreen/Content/FirstPerson/FPWeapon/Mesh/SK_FPGun_PhysicsAsset.uasset" 72
"../../../../../SplitScreen/SplitScreen/Content/FirstPerson/Meshes/FirstPersonProjectileMaterial.uasset" 73
"../../../../../SplitScreen/SplitScreen/Content/FirstPerson/Meshes/FirstPersonProjectileMesh.uasset" 74
"../../../../../SplitScreen/SplitScreen/Content/FirstPersonBP/FirstPersonOverview.uasset" 75
"../../../../../SplitScreen/SplitScreen/Content/Geometry/Meshes/1M_Cube_Chamfer.uasset" 76
"../../../../../SplitScreen/SplitScreen/Content/Geometry/Meshes/TemplateFloor.uasset" 77
"../../../../../SplitScreen/SplitScreen/Content/StarterContent/Materials/M_Basic_Wall.uasset" 78
"../../../../../SplitScreen/SplitScreen/Content/StarterContent/Architecture/Pillar_50x500.uasset" 79
"../../../../../SplitScreen/SplitScreen/Content/StarterContent/Architecture/Wall_400x300.uasset" 80
"../../../../../SplitScreen/SplitScreen/Content/StarterContent/Architecture/Wall_400x400.uasset" 81
"../../../../../SplitScreen/SplitScreen/Content/StarterContent/Architecture/Wall_500x500.uasset" 82
"../../../../../SplitScreen/SplitScreen/Content/StarterContent/Architecture/Wall_Door_400x400.uasset" 83
"../../../../../SplitScreen/SplitScreen/Content/StarterContent/Architecture/Wall_Window_400x400.uasset" 84
"../../../../../SplitScreen/SplitScreen/Content/StarterContent/Audio/Collapse01.uasset" 85
"../../../../../SplitScreen/SplitScreen/Content/StarterContent/Audio/Collapse02.uasset" 86
"../../../../../SplitScreen/SplitScreen/Content/StarterContent/Audio/Explosion01.uasset" 87
"../../../../../SplitScreen/SplitScreen/Content/StarterContent/Audio/Explosion02.uasset" 88
"../../../../../SplitScreen/SplitScreen/Content/StarterContent/Audio/Fire01.uasset" 89
"../../../../../SplitScreen/SplitScreen/Content/StarterContent/Audio/Fire_Sparks01.uasset" 90
"../../../../../SplitScreen/SplitScreen/Content/StarterContent/Audio/Light01.uasset" 91
"../../../../../SplitScreen/SplitScreen/Content/StarterContent/Audio/Light01_Cue.uasset" 92
"../../../../../SplitScreen/SplitScreen/Content/StarterContent/Audio/Light02.uasset" 93
"../../../../../SplitScreen/SplitScreen/Content/StarterContent/Audio/Light02_Cue.uasset" 94
"../../../../../SplitScreen/SplitScreen/Content/StarterContent/Audio/Smoke01.uasset" 95
"../../../../../SplitScreen/SplitScreen/Content/StarterContent/Audio/Starter_Birds01.uasset" 96
"../../../../../SplitScreen/SplitScreen/Content/StarterContent/Audio/Starter_Music01.uasset" 97
"../../../../../SplitScreen/SplitScreen/Content/StarterContent/Audio/Starter_Wind05.uasset" 98
"../../../../../SplitScreen/SplitScreen/Content/StarterContent/Audio/Starter_Wind06.uasset" 99
"../../../../../SplitScreen/SplitScreen/Content/StarterContent/Audio/Steam01.uasset" 100
"../../../../../SplitScreen/SplitScreen/Content/StarterContent/Audio/Explosion_Cue.uasset" 101
"../../../../../SplitScreen/SplitScreen/Content/StarterContent/Blueprints/Blueprint_Effect_Explosion.uasset" 102
"../../../Engine/Content/EditorMeshes/ColorCalibrator/T_ColorGrid.uasset" 103
"../../../../../SplitScreen/SplitScreen/Content/StarterContent/Materials/M_ColorGrid_LowSpec.uasset" 104
"../../../../../SplitScreen/SplitScreen/Content/StarterContent/Textures/T_Bush_D.uasset" 105
"../../../../../SplitScreen/SplitScreen/Content/StarterContent/Textures/T_Bush_N.uasset" 106
"../../../../../SplitScreen/SplitScreen/Content/StarterContent/Props/Materials/M_Bush.uasset" 107
"../../../../../SplitScreen/SplitScreen/Content/StarterContent/Props/SM_Bush.uasset" 108
"../../../../../SplitScreen/SplitScreen/Content/StarterContent/Textures/T_Chair_M.uasset" 109
"../../../../../SplitScreen/SplitScreen/Content/StarterContent/Textures/T_Chair_N.uasset" 110
"../../../../../SplitScreen/SplitScreen/Content/StarterContent/Props/Materials/M_Chair.uasset" 111
"../../../../../SplitScreen/SplitScreen/Content/StarterContent/Props/SM_Couch.uasset" 112
"../../../../../SplitScreen/SplitScreen/Content/StarterContent/Materials/M_Glass.uasset" 113
"../../../../../SplitScreen/SplitScreen/Content/StarterContent/Textures/T_Door_M.uasset" 114
"../../../../../SplitScreen/SplitScreen/Content/StarterContent/Textures/T_Door_N.uasset" 115
"../../../../../SplitScreen/SplitScreen/Content/StarterContent/Props/Materials/M_Door.uasset" 116
"../../../../../SplitScreen/SplitScreen/Content/StarterContent/Props/SM_Door.uasset" 117
"../../../../../SplitScreen/SplitScreen/Content/StarterContent/Props/Materials/M_MaterialSphere.uasset" 118
"../../../../../SplitScreen/SplitScreen/Content/StarterContent/Props/Materials/M_MaterialSphere_Plain.uasset" 119
"../../../../../SplitScreen/SplitScreen/Content/StarterContent/Props/SM_MatPreviewMesh_02.uasset" 120
"../../../../../SplitScreen/SplitScreen/Content/StarterContent/Textures/T_Detail_Rocky_N.uasset" 121
"../../../../../SplitScreen/SplitScreen/Content/StarterContent/Textures/T_Rock_Basalt_D.uasset" 122
"../../../../../SplitScreen/SplitScreen/Content/StarterContent/Textures/T_RockMesh_M.uasset" 123
"../../../../../SplitScreen/SplitScreen/Content/StarterContent/Textures/T_RockMesh_N.uasset" 124
"../../../../../SplitScreen/SplitScreen/Content/StarterContent/Props/Materials/M_Rock.uasset" 125
"../../../../../SplitScreen/SplitScreen/Content/StarterContent/Props/SM_Rock.uasset" 126
"../../../../../SplitScreen/SplitScreen/Content/StarterContent/Textures/T_Shelf_M.uasset" 127
"../../../../../SplitScreen/SplitScreen/Content/StarterContent/Textures/T_Shelf_N.uasset" 128
"../../../../../SplitScreen/SplitScreen/Content/StarterContent/Props/Materials/M_Shelf.uasset" 129
"../../../../../SplitScreen/SplitScreen/Content/StarterContent/Props/SM_Shelf.uasset" 130
"../../../../../SplitScreen/SplitScreen/Content/StarterContent/Materials/M_Basic_Floor.uasset" 131
"../../../../../SplitScreen/SplitScreen/Content/StarterContent/Props/SM_Stairs.uasset" 132
"../../../../../SplitScreen/SplitScreen/Content/StarterContent/Shapes/Shape_Cone.uasset" 133
"../../../../../SplitScreen/SplitScreen/Content/StarterContent/Shapes/Shape_Cylinder.uasset" 134
"../../../../../SplitScreen/SplitScreen/Content/StarterContent/Shapes/Shape_NarrowCapsule.uasset" 135
"../../../../../SplitScreen/SplitScreen/Content/StarterContent/Shapes/Shape_Pipe.uasset" 136
"../../../../../SplitScreen/SplitScreen/Content/StarterContent/Shapes/Shape_Pipe_180.uasset" 137
"../../../../../SplitScreen/SplitScreen/Content/StarterContent/Shapes/Shape_Pipe_90.uasset" 138
"../../../../../SplitScreen/SplitScreen/Content/StarterContent/Shapes/Shape_Plane.uasset" 139
"../../../../../SplitScreen/SplitScreen/Content/StarterContent/Shapes/Shape_Torus.uasset" 140
"../../../../../SplitScreen/SplitScreen/Content/StarterContent/Shapes/Shape_Trim.uasset" 141
"../../../../../SplitScreen/SplitScreen/Content/StarterContent/Shapes/Shape_Trim_90_In.uasset" 142
"../../../../../SplitScreen/SplitScreen/Content/StarterContent/Shapes/Shape_Trim_90_Out.uasset" 143
"../../../../../SplitScreen/SplitScreen/Content/StarterContent/Shapes/Shape_TriPyramid.uasset" 144
"../../../../../SplitScreen/SplitScreen/Content/StarterContent/Shapes/Shape_Tube.uasset" 145
"../../../../../SplitScreen/SplitScreen/Content/StarterContent/Shapes/Shape_Wedge_A.uasset" 146
"../../../../../SplitScreen/SplitScreen/Content/StarterContent/Shapes/Shape_Wedge_B.uasset" 147
"../../../../../SplitScreen/SplitScreen/Content/StarterContent/Shapes/Shape_WideCapsule.uasset" 148
"../../../Engine/Content/Animation/DefaultAnimCurveCompressionSettings.uasset" 149
"../../../Engine/Content/ArtTools/RenderToTexture/Meshes/S_1_Unit_Plane.uasset" 150
"../../../Engine/Content/EngineMaterials/DefaultMaterial.uasset" 151
"../../../Engine/Content/BasicShapes/Cone.uasset" 152
"../../../Engine/Content/BasicShapes/Cylinder.uasset" 153
"../../../Engine/Content/BasicShapes/Sphere.uasset" 154
"../../../Engine/Content/EditorLandscapeResources/DataLayer.uasset" 155
"../../../Engine/Content/EditorMaterials/MAT_Groups_Toggle.uasset" 156
"../../../Engine/Content/EditorMaterials/MAT_Groups_Visibility.uasset" 157
"../../../Engine/Content/EditorMaterials/PreviewShadowIndicator.uasset" 158
"../../../Engine/Content/EditorMaterials/PreviewShadowIndicatorMaterial.uasset" 159
"../../../Engine/Content/EditorMaterials/MatineeGroups/MAT_ColorTrack.uasset" 160
"../../../Engine/Content/EditorMaterials/MatineeGroups/MAT_Groups_Anim.uasset" 161
"../../../Engine/Content/EditorMaterials/MatineeGroups/MAT_Groups_AudioMaster.uasset" 162
"../../../Engine/Content/EditorMaterials/MatineeGroups/MAT_Groups_Director.uasset" 163
"../../../Engine/Content/EditorMaterials/MatineeGroups/MAT_Groups_Event.uasset" 164
"../../../Engine/Content/EditorMaterials/MatineeGroups/MAT_Groups_Fade.uasset" 165
"../../../Engine/Content/EditorMaterials/MatineeGroups/MAT_Groups_Float.uasset" 166
"../../../Engine/Content/EditorMaterials/MatineeGroups/MAT_Groups_Move.uasset" 167
"../../../Engine/Content/EditorMaterials/MatineeGroups/MAT_Groups_Slomo.uasset" 168
"../../../Engine/Content/EditorMaterials/MatineeGroups/MAT_Groups_Sound.uasset" 169
"../../../Engine/Content/EditorMaterials/MatineeGroups/MAT_Groups_Vector.uasset" 170
"../../../Engine/Content/EditorMaterials/ParticleSystems/PSysThumbnail_NoImage.uasset" 171
"../../../Engine/Content/EditorMaterials/ParticleSystems/PSysThumbnail_OOD.uasset" 172
"../../../Engine/Content/EditorMaterials/Camera/CineMat.uasset" 173
"../../../Engine/Content/EditorMaterials/Camera/MI_CineMat_Rig.uasset" 174
"../../../Engine/Content/EditorMeshes/Camera/SM_CraneRig_Arm.uasset" 175
"../../../Engine/Content/EditorMeshes/Camera/SM_CraneRig_Base.uasset" 176
"../../../Engine/Content/EditorMeshes/Camera/SM_CraneRig_Body.uasset" 177
"../../../Engine/Content/EditorMeshes/Camera/SM_CraneRig_Mount.uasset" 178
"../../../Engine/Content/EditorMeshes/Camera/SM_RailRig_Mount.uasset" 179
"../../../Engine/Content/EditorMeshes/Camera/SM_RailRig_Track.uasset" 180
"../../../Engine/Content/EditorResources/BSPVertex.uasset" 181
"../../../Engine/Content/EditorResources/EmptyActor.uasset" 182
"../../../Engine/Content/EditorResources/S_Actor.uasset" 183
"../../../Engine/Content/EditorResources/S_Note.uasset" 184
"../../../Engine/Content/EditorResources/S_Solver.uasset" 185
"../../../Engine/Content/EditorResources/S_Trigger.uasset" 186
"../../../Engine/Content/EditorResources/AudioIcons/S_AudioComponent.uasset" 187
"../../../Engine/Content/EditorResources/AudioIcons/S_AudioComponent_AutoActivate.uasset" 188
"../../../Engine/Content/EditorResources/LightIcons/S_LightError.uasset" 189
"../../../Engine/Content/EditorResources/SequenceRecorder/Countdown.uasset" 190
"../../../Engine/Content/EditorResources/SequenceRecorder/RecordingIndicator.uasset" 191
"../../../Engine/Content/EditorSounds/Notifications/CompileFailed.uasset" 192
"../../../Engine/Content/EditorSounds/Notifications/CompileFailed_Cue.uasset" 193
"../../../Engine/Content/EditorSounds/Notifications/CompileSuccess.uasset" 194
"../../../Engine/Content/EditorSounds/Notifications/CompileStart_Cue.uasset" 195
"../../../Engine/Content/EditorSounds/Notifications/CompileSuccess_Cue.uasset" 196
"../../../Engine/Content/EngineDamageTypes/DmgTypeBP_Environmental.uasset" 197
"../../../Engine/Content/EngineDebugMaterials/DebugEditorMaterial.uasset" 198
"../../../Engine/Content/EngineDebugMaterials/DebugMeshMaterial.uasset" 199
"../../../Engine/Content/EngineDebugMaterials/M_SimpleTranslucent.uasset" 200
"../../../Engine/Content/Functions/Engine_MaterialFunctions02/Utility/CameraDirectionVector.uasset" 201
"../../../Engine/Content/EngineDebugMaterials/VolumeToRender.uasset" 202
"../../../Engine/Content/EngineDebugMaterials/M_VolumeRenderSphereTracePP.uasset" 203
"../../../Engine/Content/EngineDebugMaterials/WireframeMaterial.uasset" 204
"../../../Engine/Content/EngineFonts/Faces/DroidSansFallback.uasset" 205
"../../../Engine/Content/EngineFonts/Faces/RobotoBold.uasset" 206
"../../../Engine/Content/EngineFonts/Faces/RobotoBoldItalic.uasset" 207
"../../../Engine/Content/EngineFonts/Faces/RobotoItalic.uasset" 208
"../../../Engine/Content/EngineFonts/Faces/RobotoLight.uasset" 209
"../../../Engine/Content/EngineFonts/Faces/RobotoRegular.uasset" 210
"../../../Engine/Content/EngineFonts/Roboto.uasset" 211
"../../../Engine/Content/EngineMaterials/BaseFlattenDiffuseMap.uasset" 212
"../../../Engine/Content/EngineMaterials/BaseFlattenEmissiveMap.uasset" 213
"../../../Engine/Content/EngineMaterials/BaseFlattenGrayscaleMap.uasset" 214
"../../../Engine/Content/EngineMaterials/BaseFlattenNormalMap.uasset" 215
"../../../Engine/Content/EngineMaterials/BaseFlattenMaterial.uasset" 216
"../../../Engine/Content/EngineMaterials/BlueNoise.uasset" 217
"../../../Engine/Content/EngineMaterials/DefaultBloomKernel.uasset" 218
"../../../Engine/Content/EngineMaterials/DefaultBokeh.uasset" 219
"../../../Engine/Content/EngineMaterials/DefaultDiffuse.uasset" 220
"../../../Engine/Content/EngineMaterials/DefaultDeferredDecalMaterial.uasset" 221
"../../../Engine/Content/EngineMaterials/DefaultLightFunctionMaterial.uasset" 222
"../../../Engine/Content/EngineMaterials/DefaultPhysicalMaterial.uasset" 223
"../../../Engine/Content/Functions/Engine_MaterialFunctions02/Utility/BreakOutFloat2Components.uasset" 224
"../../../Engine/Content/EngineMaterials/DefaultPostProcessMaterial.uasset" 225
"../../../Engine/Content/EngineFonts/RobotoDistanceField.uasset" 226
"../../../Engine/Content/EngineMaterials/DefaultTextMaterialOpaque.uasset" 227
"../../../Engine/Content/EngineMaterials/DefaultVirtualTextureMaterial.uasset" 228
"../../../Engine/Content/EngineMaterials/DefaultWhiteGrid.uasset" 229
"../../../Engine/Content/EngineMaterials/DefaultWhiteGrid_Low.uasset" 230
"../../../Engine/Content/EngineMaterials/EmissiveMeshMaterial.uasset" 231
"../../../Engine/Content/EngineMaterials/GizmoMaterial.uasset" 232
"../../../Engine/Content/EngineMaterials/Good64x64TilingNoiseHighFreq.uasset" 233
"../../../Engine/Content/EngineMaterials/HairDefaultMaterial.uasset" 234
"../../../Engine/Content/EngineMaterials/MiniFont.uasset" 235
"../../../Engine/Content/EngineMaterials/InvalidLightmapSettings.uasset" 236
"../../../Engine/Content/EngineMaterials/M_InvalidLightmapSettings.uasset" 237
"../../../Engine/Content/Functions/Engine_MaterialFunctions02/WorldPositionOffset/CameraOffset.uasset" 238
"../../../Engine/Content/EngineMaterials/PhAT_JointLimitMaterial.uasset" 239
"../../../Engine/Content/EngineMaterials/PreintegratedSkinBRDF.uasset" 240
"../../../Engine/Content/EngineMaterials/RemoveSurfaceMaterial.uasset" 241
"../../../Engine/Content/EngineMaterials/WeightMapPlaceholderTexture.uasset" 242
"../../../Engine/Content/EngineResources/WhiteSquareTexture.uasset" 243
"../../../Engine/Content/EngineMaterials/Widget3DPassThrough.uasset" 244
"../../../Engine/Content/EngineMaterials/Widget3DPassThrough_Masked.uasset" 245
"../../../Engine/Content/EngineMaterials/Widget3DPassThrough_Opaque.uasset" 246
"../../../Engine/Content/EngineMaterials/Widget3DPassThrough_Masked_OneSided.uasset" 247
"../../../Engine/Content/EngineMaterials/Widget3DPassThrough_Opaque_OneSided.uasset" 248
"../../../Engine/Content/EngineMaterials/Widget3DPassThrough_Translucent.uasset" 249
"../../../Engine/Content/EngineMaterials/Widget3DPassThrough_Translucent_OneSided.uasset" 250
"../../../Engine/Content/EngineMeshes/Cylinder.uasset" 251
"../../../Engine/Content/EngineMeshes/Sphere.uasset" 252
"../../../Engine/Content/EngineResources/Black.uasset" 253
"../../../Engine/Content/EngineResources/DefaultTexture.uasset" 254
"../../../Engine/Content/EngineResources/DefaultTextureCube.uasset" 255
"../../../Engine/Content/EngineResources/DefaultVolumeTexture2D.uasset" 256
"../../../Engine/Content/EngineResources/DefaultVolumeTexture.uasset" 257
"../../../Engine/Content/EngineResources/GradientTexture0.uasset" 258
"../../../Engine/Content/EngineSounds/Master.uasset" 259
"../../../Engine/Content/Functions/Engine_MaterialFunctions01/Shading/ConvertFromDiffSpec.uasset" 260
"../../../Engine/Content/Functions/Engine_MaterialFunctions01/Shading/PowerToRoughness.uasset" 261
"../../../Engine/Content/Maps/Templates/Thumbnails/Default.uasset" 262
"../../../Engine/Content/Maps/Templates/Thumbnails/TimeOfDay.uasset" 263
"../../../Engine/Content/Maps/Templates/Thumbnails/VR-Basic.uasset" 264
"../../../Engine/Content/MobileResources/T_MobileControls_texture.uasset" 265
"../../../Engine/Content/MobileResources/T_MobileMenu2.uasset" 266
"../../../Engine/Content/MobileResources/HUD/AnalogHat.uasset" 267
"../../../Engine/Content/MobileResources/HUD/VirtualJoystick_Background.uasset" 268
"../../../Engine/Content/MobileResources/HUD/VirtualJoystick_Thumb.uasset" 269
"../../../Engine/Content/MobileResources/HUD/DefaultVirtualJoysticks.uasset" 270
"../../../Engine/Content/MobileResources/HUD/LeftVirtualJoystickOnly.uasset" 271
"../../../Engine/Content/MobileResources/HUD/MobileHUDButton1_off.uasset" 272
"../../../Engine/Content/MobileResources/HUD/MobileHUDButton1_on.uasset" 273
"../../../Engine/Content/MobileResources/HUD/MobileHUDButton2_off.uasset" 274
"../../../Engine/Content/MobileResources/HUD/MobileHUDButton2_on.uasset" 275
"../../../Engine/Content/MobileResources/HUD/MobileHUDButton3.uasset" 276
"../../../Engine/Content/MobileResources/HUD/MobileHUDButtonFire.uasset" 277
"../../../Engine/Content/MobileResources/HUD/MobileHUDDirectionPad.uasset" 278
"../../../Engine/Content/MobileResources/HUD/MobileHUDDirectionPad2.uasset" 279
"../../../Engine/Content/MobileResources/HUD/MobileHUDDirectionPad3.uasset" 280
"../../../Engine/Content/MobileResources/HUD/MobileHUDDirectionStick.uasset" 281
"../../../Engine/Content/MobileResources/HUD/T_Castle_ThumbstickInner.uasset" 282
"../../../Engine/Content/MobileResources/HUD/T_Castle_ThumbstickOutter.uasset" 283
"../../../Engine/Content/Tutorial/ContentIntroCurve.uasset" 284
"../../../Engine/Content/Tutorial/Basics/LevelEditorAttract.uasset" 285
"../../../Engine/Content/Tutorial/Installation/InstallingVisualStudioTutorial.uasset" 286
"../../../Engine/Content/VREditor/LaserPointer/VR_LaserPower_01.uasset" 287
"../../../Engine/Content/VREditor/TransformGizmo/TransformGizmoMaterial.uasset" 288
"../../../Engine/Content/VREditor/TransformGizmo/TranslucentTransformGizmoMaterial.uasset" 289
"../../../Engine/Content/VREditor/TransformGizmo/BoundingBoxCorner.uasset" 290
"../../../Engine/Content/VREditor/TransformGizmo/BoundingBoxEdge.uasset" 291
"../../../Engine/Content/VREditor/TransformGizmo/PlaneTranslationHandle.uasset" 292
"../../../Engine/Content/VREditor/TransformGizmo/Main.uasset" 293
"../../../Engine/Content/VREditor/TransformGizmo/Xray.uasset" 294
"../../../Engine/Content/VREditor/TransformGizmo/SM_Sequencer_Key.uasset" 295
"../../../Engine/Content/VREditor/TransformGizmo/SM_Sequencer_Node.uasset" 296
"../../Plugins/2D/Paper2D/Content/PlaceholderTextures/DummySpriteTexture.uasset" 297
"../../Plugins/2D/Paper2D/Content/DummySprite.uasset" 298
"../../Plugins/2D/Paper2D/Content/DefaultPaperTerrainMaterial.uasset" 299
"../../Plugins/2D/Paper2D/Content/DummySpriteTexture.uasset" 300
"../../Plugins/2D/Paper2D/Content/DefaultSpriteMaterial.uasset" 301
"../../Plugins/2D/Paper2D/Content/MaskedUnlitSpriteMaterial.uasset" 302
"../../Plugins/2D/Paper2D/Content/OpaqueUnlitSpriteMaterial.uasset" 303
"../../../Engine/Content/Functions/Engine_MaterialFunctions02/Utility/BreakOutFloat4Components.uasset" 304
"../../../Engine/Content/Functions/Engine_MaterialFunctions02/Utility/MakeFloat2.uasset" 305
"../../../Engine/Content/Functions/Engine_MaterialFunctions02/Utility/MakeFloat3.uasset" 306
"../../Plugins/Runtime/Oculus/OculusVR/Content/Materials/OculusMR_ChromaKey.uasset" 307
"../../Plugins/Runtime/Oculus/OculusVR/Content/Materials/OculusMR_ChromaKey_Lit.uasset" 308
"../../Plugins/Runtime/Oculus/OculusVR/Content/Materials/OculusMR_OpaqueColoredMaterial.uasset" 309
"../../Plugins/Runtime/Oculus/OculusVR/Content/Materials/OculusMR_WhiteMaterial.uasset" 310
"../../../Engine/Content/EngineSky/C_Sky_Cloud_Color.uasset" 311
"../../../Engine/Content/EngineSky/C_Sky_Horizon_Color.uasset" 312
"../../../Engine/Content/EngineSky/C_Sky_Zenith_Color.uasset" 313
"../../../Engine/Content/EngineSky/T_Sky_Blue.uasset" 314
"../../../Engine/Content/EngineSky/T_Sky_Clouds_M.uasset" 315
"../../../Engine/Content/EngineSky/T_Sky_Stars.uasset" 316
"../../../Engine/Content/EngineSky/M_Sky_Panning_Clouds2.uasset" 317
"../../../Engine/Content/EngineSky/SM_SkySphere.uasset" 318
"../../../Engine/Content/EngineSky/BP_Sky_Sphere.uasset" 319
"../../../../../SplitScreen/SplitScreen/Content/Emsisive_MAT/Emissive.uasset" 320
"../../../../../SplitScreen/SplitScreen/Content/Emsisive_MAT/Emissive_INST.uasset" 321
"../../../../../SplitScreen/SplitScreen/Content/Emsisive_MAT/EmissiveCorrect.uasset" 322
"../../../../../SplitScreen/SplitScreen/Content/Emsisive_MAT/EmissiveWrong.uasset" 323
"../../../../../SplitScreen/SplitScreen/Content/Audio/Correct-answer.uasset" 324
"../../../../../SplitScreen/SplitScreen/Content/Audio/Wrong-answer-sound-effect.uasset" 325
"../../../../../SplitScreen/SplitScreen/Content/Door/Material_001.uasset" 326
"../../../../../SplitScreen/SplitScreen/Content/Door/Material_002.uasset" 327
"../../../../../SplitScreen/SplitScreen/Content/Door/pressurepad_Cube.uasset" 328
"../../../../../SplitScreen/SplitScreen/Content/Door/Switch.uasset" 329
"../../../../../SplitScreen/SplitScreen/Content/Door/door.uasset" 330
"../../../../../SplitScreen/SplitScreen/Content/Door/Switchdoor.uasset" 331
"../../../../../SplitScreen/SplitScreen/Content/Door/Switches/A.uasset" 332
"../../../../../SplitScreen/SplitScreen/Content/Door/Switches/ButtonA2.uasset" 333
"../../../../../SplitScreen/SplitScreen/Content/Door/Switches/B.uasset" 334
"../../../../../SplitScreen/SplitScreen/Content/Door/Switches/ButtonD4.uasset" 335
"../../../../../SplitScreen/SplitScreen/Content/Door/Switches/C.uasset" 336
"../../../../../SplitScreen/SplitScreen/Content/Door/Switches/ButtonF4.uasset" 337
"../../../../../SplitScreen/SplitScreen/Content/Door/Switches/D.uasset" 338
"../../../../../SplitScreen/SplitScreen/Content/Door/Switches/ButtonH8.uasset" 339
"../../../../../SplitScreen/SplitScreen/Content/Door/Switches/Switch1.uasset" 340
"../../../../../SplitScreen/SplitScreen/Content/Door/Switches/ButtonSwitchDoor.uasset" 341
"../../../../../SplitScreen/SplitScreen/Content/Door/Switches/Switch2.uasset" 342
"../../../../../SplitScreen/SplitScreen/Content/Door/Switches/ButtonSwitchDoor1.uasset" 343
"../../../../../SplitScreen/SplitScreen/Content/Door/Switches/Switch3.uasset" 344
"../../../../../SplitScreen/SplitScreen/Content/Door/Switches/ButtonSwitchDoor2.uasset" 345
"../../../../../SplitScreen/SplitScreen/Content/Door/Switches/Switch4.uasset" 346
"../../../../../SplitScreen/SplitScreen/Content/Door/Switches/ButtonSwitchDoor3.uasset" 347
"../../../../../SplitScreen/SplitScreen/Content/FirstPerson/Textures/FirstPersonCrosshair.uasset" 348
"../../../../../SplitScreen/SplitScreen/Content/FirstPersonBP/Blueprints/FirstPersonHUD.uasset" 349
"../../../../../SplitScreen/SplitScreen/Content/FirstPersonBP/Blueprints/FirstPersonGameMode.uasset" 350
"../../../../../SplitScreen/SplitScreen/Content/FirstPersonBP/Maps/FirstPersonExampleMap_BuiltData.uasset" 351
"../../../../../SplitScreen/SplitScreen/Content/FirstPersonBP/Blueprints/StartGame.uasset" 352
"../../../../../SplitScreen/SplitScreen/Content/MAze/maze10x10.uasset" 353
"../../../../../SplitScreen/SplitScreen/Content/FirstPersonBP/Maps/FirstPersonExampleMap.umap" 354
"../../../../../SplitScreen/SplitScreen/Content/NewMaterial.uasset" 355
"../../../../../SplitScreen/SplitScreen/Content/NewMaterial_Inst.uasset" 356
"../../../Engine/Content/BasicShapes/Plane.uasset" 357
"../../../../../SplitScreen/SplitScreen/Content/FirstPersonBP/Maps/Level3.umap" 358
"../../../../../SplitScreen/SplitScreen/Content/FirstPersonBP/nextlevel2.uasset" 359
"../../../../../SplitScreen/SplitScreen/Content/MAze/Maze13x13.uasset" 360
"../../../../../SplitScreen/SplitScreen/Content/FirstPersonBP/Maps/Maze13x13.umap" 361
"../../../../../SplitScreen/SplitScreen/Content/StarterContent/Blueprints/Assets/FogBrightnessLUT.uasset" 362
"../../../../../SplitScreen/SplitScreen/Content/StarterContent/Blueprints/Assets/SunlightColorLUT.uasset" 363
"../../../../../SplitScreen/SplitScreen/Content/StarterContent/Blueprints/Assets/M_LightStage_Arrows.uasset" 364
"../../../Engine/Content/MapTemplates/Sky/DaylightAmbientCubemap.uasset" 365
"../../../../../SplitScreen/SplitScreen/Content/StarterContent/Blueprints/Assets/M_LightStage_Skybox_Master.uasset" 366
"../../../../../SplitScreen/SplitScreen/Content/StarterContent/Blueprints/Assets/M_LightStage_Skybox_Black.uasset" 367
"../../../../../SplitScreen/SplitScreen/Content/StarterContent/Blueprints/Assets/M_LightStage_Skybox_HDRI.uasset" 368
"../../../Engine/Content/EditorMaterials/Thumbnails/SkySphereMaterial.uasset" 369
"../../../../../SplitScreen/SplitScreen/Content/StarterContent/Blueprints/Assets/Skybox.uasset" 370
"../../../../../SplitScreen/SplitScreen/Content/StarterContent/Blueprints/Assets/SM_Arrows.uasset" 371
"../../../../../SplitScreen/SplitScreen/Content/StarterContent/HDRI/HDRI_Epic_Courtyard_Daylight.uasset" 372
"../../../../../SplitScreen/SplitScreen/Content/StarterContent/Blueprints/BP_LightStudio.uasset" 373
"../../../../../SplitScreen/SplitScreen/Content/StarterContent/Maps/Advanced_Lighting_BuiltData.uasset" 374
"../../../../../SplitScreen/SplitScreen/Content/StarterContent/Materials/M_AssetPlatform.uasset" 375
"../../../Engine/Content/EditorMeshes/ColorCalibrator/M_ChromeBall.uasset" 376
"../../../Engine/Content/EditorMeshes/ColorCalibrator/M_ClearCoat.uasset" 377
"../../../Engine/Content/EditorMeshes/ColorCalibrator/M_ClearCoatBlack.uasset" 378
"../../../Engine/Content/EditorMeshes/ColorCalibrator/Color_checker.uasset" 379
"../../../Engine/Content/EditorMeshes/ColorCalibrator/M_ColorGrid.uasset" 380
"../../../Engine/Content/EditorMeshes/ColorCalibrator/M_GreyBall.uasset" 381
"../../../Engine/Content/EditorMeshes/ColorCalibrator/SM_ColorCalibrator.uasset" 382
"../../../../../SplitScreen/SplitScreen/Content/StarterContent/Architecture/SM_AssetPlatform.uasset" 383
"../../../../../SplitScreen/SplitScreen/Content/StarterContent/Maps/Advanced_Lighting.umap" 384
"../../../../../SplitScreen/SplitScreen/Content/StarterContent/Maps/Minimal_Default_BuiltData.uasset" 385
"../../../../../SplitScreen/SplitScreen/Content/StarterContent/Textures/T_MacroVariation.uasset" 386
"../../../../../SplitScreen/SplitScreen/Content/StarterContent/Materials/M_Metal_Brushed_Nickel.uasset" 387
"../../../../../SplitScreen/SplitScreen/Content/StarterContent/Textures/T_Metal_Aluminum_D.uasset" 388
"../../../../../SplitScreen/SplitScreen/Content/StarterContent/Textures/T_Metal_Gold_N.uasset" 389
"../../../../../SplitScreen/SplitScreen/Content/StarterContent/Materials/M_Metal_Burnished_Steel.uasset" 390
"../../../../../SplitScreen/SplitScreen/Content/StarterContent/Textures/T_Metal_Copper_D.uasset" 391
"../../../../../SplitScreen/SplitScreen/Content/StarterContent/Materials/M_Metal_Copper.uasset" 392
"../../../../../SplitScreen/SplitScreen/Content/StarterContent/Textures/T_Statue_M.uasset" 393
"../../../../../SplitScreen/SplitScreen/Content/StarterContent/Textures/T_Statue_N.uasset" 394
"../../../../../SplitScreen/SplitScreen/Content/StarterContent/Props/Materials/M_StatueGlass.uasset" 395
"../../../../../SplitScreen/SplitScreen/Content/StarterContent/Architecture/Floor_400x400.uasset" 396
"../../../../../SplitScreen/SplitScreen/Content/StarterContent/Audio/Starter_Background_Cue.uasset" 397
"../../../../../SplitScreen/SplitScreen/Content/StarterContent/Props/SM_Chair.uasset" 398
"../../../../../SplitScreen/SplitScreen/Content/StarterContent/Props/Materials/M_Statue.uasset" 399
"../../../../../SplitScreen/SplitScreen/Content/StarterContent/Props/SM_Statue.uasset" 400
"../../../../../SplitScreen/SplitScreen/Content/StarterContent/Textures/T_TableRound_M.uasset" 401
"../../../../../SplitScreen/SplitScreen/Content/StarterContent/Textures/T_TableRound_N.uasset" 402
"../../../../../SplitScreen/SplitScreen/Content/StarterContent/Props/Materials/M_TableRound.uasset" 403
"../../../../../SplitScreen/SplitScreen/Content/StarterContent/Props/SM_TableRound.uasset" 404
"../../../../../SplitScreen/SplitScreen/Content/StarterContent/Maps/Minimal_Default.umap" 405
"../../../../../SplitScreen/SplitScreen/Content/StarterContent/Audio/Fire01_Cue.uasset" 406
"../../../../../SplitScreen/SplitScreen/Content/StarterContent/Textures/T_Fire_SubUV.uasset" 407
"../../../../../SplitScreen/SplitScreen/Content/StarterContent/Textures/T_Fire_Tiled_D.uasset" 408
"../../../../../SplitScreen/SplitScreen/Content/StarterContent/Particles/Materials/M_Fire_SubUV.uasset" 409
"../../../../../SplitScreen/SplitScreen/Content/StarterContent/Textures/T_Water_N.uasset" 410
"../../../../../SplitScreen/SplitScreen/Content/StarterContent/Particles/Materials/M_Heat_Distortion.uasset" 411
"../../../../../SplitScreen/SplitScreen/Content/StarterContent/Particles/Materials/M_Radial_Gradient.uasset" 412
"../../../../../SplitScreen/SplitScreen/Content/StarterContent/Particles/P_Fire.uasset" 413
"../../../../../SplitScreen/SplitScreen/Content/StarterContent/Blueprints/Blueprint_Effect_Fire.uasset" 414
"../../../../../SplitScreen/SplitScreen/Content/StarterContent/Audio/Smoke01_Cue.uasset" 415
"../../../../../SplitScreen/SplitScreen/Content/StarterContent/Particles/P_Smoke.uasset" 416
"../../../../../SplitScreen/SplitScreen/Content/StarterContent/Blueprints/Blueprint_Effect_Smoke.uasset" 417
"../../../../../SplitScreen/SplitScreen/Content/StarterContent/Audio/Fire_Sparks01_Cue.uasset" 418
"../../../../../SplitScreen/SplitScreen/Content/StarterContent/Textures/T_Spark_Core.uasset" 419
"../../../../../SplitScreen/SplitScreen/Content/StarterContent/Particles/Materials/M_Spark.uasset" 420
"../../../../../SplitScreen/SplitScreen/Content/StarterContent/Particles/P_Sparks.uasset" 421
"../../../../../SplitScreen/SplitScreen/Content/StarterContent/Blueprints/Blueprint_Effect_Sparks.uasset" 422
"../../../../../SplitScreen/SplitScreen/Content/StarterContent/Audio/Steam01_Cue.uasset" 423
"../../../../../SplitScreen/SplitScreen/Content/StarterContent/Particles/P_Steam_Lit.uasset" 424
"../../../../../SplitScreen/SplitScreen/Content/StarterContent/Blueprints/Blueprint_Effect_Steam.uasset" 425
"../../../../../SplitScreen/SplitScreen/Content/StarterContent/Textures/T_Lamp_M.uasset" 426
"../../../../../SplitScreen/SplitScreen/Content/StarterContent/Textures/T_Lamp_N.uasset" 427
"../../../../../SplitScreen/SplitScreen/Content/StarterContent/Props/Materials/M_Lamp.uasset" 428
"../../../../../SplitScreen/SplitScreen/Content/StarterContent/Props/SM_Lamp_Ceiling.uasset" 429
"../../../../../SplitScreen/SplitScreen/Content/StarterContent/Blueprints/Blueprint_CeilingLight.uasset" 430
"../../../../../SplitScreen/SplitScreen/Content/StarterContent/Props/SM_Lamp_Wall.uasset" 431
"../../../../../SplitScreen/SplitScreen/Content/StarterContent/Blueprints/Blueprint_WallSconce.uasset" 432
"../../../../../SplitScreen/SplitScreen/Content/StarterContent/Maps/StarterMap_BuiltData.uasset" 433
"../../../Engine/Content/Functions/Engine_MaterialFunctions03/Procedurals/ComputeFilterWidth.uasset" 434
"../../../Engine/Content/EngineMaterials/AntiAliasedTextMaterialTranslucent.uasset" 435
"../../../../../SplitScreen/SplitScreen/Content/StarterContent/Textures/T_Brick_Clay_Beveled_D.uasset" 436
"../../../../../SplitScreen/SplitScreen/Content/StarterContent/Textures/T_Brick_Clay_Beveled_M.uasset" 437
"../../../../../SplitScreen/SplitScreen/Content/StarterContent/Textures/T_Brick_Clay_Beveled_N.uasset" 438
"../../../../../SplitScreen/SplitScreen/Content/StarterContent/Materials/M_Brick_Clay_Beveled.uasset" 439
"../../../../../SplitScreen/SplitScreen/Content/StarterContent/Textures/T_Brick_Clay_New_D.uasset" 440
"../../../../../SplitScreen/SplitScreen/Content/StarterContent/Textures/T_Brick_Clay_New_M.uasset" 441
"../../../../../SplitScreen/SplitScreen/Content/StarterContent/Textures/T_Brick_Clay_New_N.uasset" 442
"../../../../../SplitScreen/SplitScreen/Content/StarterContent/Materials/M_Brick_Clay_New.uasset" 443
"../../../../../SplitScreen/SplitScreen/Content/StarterContent/Textures/T_Brick_Clay_Old_D.uasset" 444
"../../../../../SplitScreen/SplitScreen/Content/StarterContent/Textures/T_Brick_Clay_Old_N.uasset" 445
"../../../../../SplitScreen/SplitScreen/Content/StarterContent/Textures/T_Perlin_Noise_M.uasset" 446
"../../../../../SplitScreen/SplitScreen/Content/StarterContent/Materials/M_Brick_Clay_Old.uasset" 447
"../../../../../SplitScreen/SplitScreen/Content/StarterContent/Textures/T_Brick_Cut_Stone_D.uasset" 448
"../../../../../SplitScreen/SplitScreen/Content/StarterContent/Textures/T_Brick_Cut_Stone_N.uasset" 449
"../../../../../SplitScreen/SplitScreen/Content/StarterContent/Materials/M_Brick_Cut_Stone.uasset" 450
"../../../../../SplitScreen/SplitScreen/Content/StarterContent/Textures/T_Brick_Hewn_Stone_D.uasset" 451
"../../../../../SplitScreen/SplitScreen/Content/StarterContent/Textures/T_Brick_Hewn_Stone_M.uasset" 452
"../../../../../SplitScreen/SplitScreen/Content/StarterContent/Textures/T_Brick_Hewn_Stone_N.uasset" 453
"../../../../../SplitScreen/SplitScreen/Content/StarterContent/Materials/M_Brick_Hewn_Stone.uasset" 454
"../../../../../SplitScreen/SplitScreen/Content/StarterContent/Textures/T_Ceramic_Tile_M.uasset" 455
"../../../../../SplitScreen/SplitScreen/Content/StarterContent/Textures/T_Ceramic_Tile_N.uasset" 456
"../../../../../SplitScreen/SplitScreen/Content/StarterContent/Textures/T_Rock_Marble_Polished_D.uasset" 457
"../../../../../SplitScreen/SplitScreen/Content/StarterContent/Materials/M_Ceramic_Tile_Checker.uasset" 458
"../../../../../SplitScreen/SplitScreen/Content/StarterContent/Textures/T_CobbleStone_Pebble_D.uasset" 459
"../../../../../SplitScreen/SplitScreen/Content/StarterContent/Textures/T_CobbleStone_Pebble_M.uasset" 460
"../../../../../SplitScreen/SplitScreen/Content/StarterContent/Textures/T_CobbleStone_Pebble_N.uasset" 461
"../../../../../SplitScreen/SplitScreen/Content/StarterContent/Materials/M_CobbleStone_Pebble.uasset" 462
"../../../../../SplitScreen/SplitScreen/Content/StarterContent/Textures/T_CobbleStone_Rough_D.uasset" 463
"../../../../../SplitScreen/SplitScreen/Content/StarterContent/Textures/T_CobbleStone_Rough_N.uasset" 464
"../../../../../SplitScreen/SplitScreen/Content/StarterContent/Textures/T_Gradinet_01.uasset" 465
"../../../../../SplitScreen/SplitScreen/Content/StarterContent/Textures/T_Rock_Smooth_Granite_D.uasset" 466
"../../../../../SplitScreen/SplitScreen/Content/StarterContent/Materials/M_CobbleStone_Rough.uasset" 467
"../../../../../SplitScreen/SplitScreen/Content/StarterContent/Textures/T_CobbleStone_Smooth_D.uasset" 468
"../../../../../SplitScreen/SplitScreen/Content/StarterContent/Textures/T_CobbleStone_Smooth_M.uasset" 469
"../../../../../SplitScreen/SplitScreen/Content/StarterContent/Textures/T_CobbleStone_Smooth_N.uasset" 470
"../../../../../SplitScreen/SplitScreen/Content/StarterContent/Materials/M_CobbleStone_Smooth.uasset" 471
"../../../../../SplitScreen/SplitScreen/Content/StarterContent/Textures/T_Concrete_Grime_D.uasset" 472
"../../../../../SplitScreen/SplitScreen/Content/StarterContent/Textures/T_Metal_Rust_N.uasset" 473
"../../../../../SplitScreen/SplitScreen/Content/StarterContent/Materials/M_Concrete_Grime.uasset" 474
"../../../../../SplitScreen/SplitScreen/Content/StarterContent/Textures/T_Concrete_Panels_D.uasset" 475
"../../../../../SplitScreen/SplitScreen/Content/StarterContent/Textures/T_Concrete_Panels_N.uasset" 476
"../../../../../SplitScreen/SplitScreen/Content/StarterContent/Materials/M_Concrete_Panels.uasset" 477
"../../../../../SplitScreen/SplitScreen/Content/StarterContent/Textures/T_Concrete_Poured_D.uasset" 478
"../../../../../SplitScreen/SplitScreen/Content/StarterContent/Textures/T_Concrete_Poured_N.uasset" 479
"../../../../../SplitScreen/SplitScreen/Content/StarterContent/Materials/M_Concrete_Poured.uasset" 480
"../../../../../SplitScreen/SplitScreen/Content/StarterContent/Textures/T_Concrete_Tiles_D.uasset" 481
"../../../../../SplitScreen/SplitScreen/Content/StarterContent/Textures/T_Concrete_Tiles_M.uasset" 482
"../../../../../SplitScreen/SplitScreen/Content/StarterContent/Textures/T_Concrete_Tiles_N.uasset" 483
"../../../../../SplitScreen/SplitScreen/Content/StarterContent/Textures/T_Concrete_Tiles_Variation_M.uasset" 484
"../../../../../SplitScreen/SplitScreen/Content/StarterContent/Materials/M_Concrete_Tiles.uasset" 485
"../../../../../SplitScreen/SplitScreen/Content/StarterContent/Textures/T_Ground_Grass_D.uasset" 486
"../../../../../SplitScreen/SplitScreen/Content/StarterContent/Textures/T_Ground_Grass_N.uasset" 487
"../../../../../SplitScreen/SplitScreen/Content/StarterContent/Materials/M_Ground_Grass.uasset" 488
"../../../../../SplitScreen/SplitScreen/Content/StarterContent/Textures/T_Ground_Gravel_D.uasset" 489
"../../../../../SplitScreen/SplitScreen/Content/StarterContent/Textures/T_Ground_Gravel_N.uasset" 490
"../../../../../SplitScreen/SplitScreen/Content/StarterContent/Materials/M_Ground_Gravel.uasset" 491
"../../../../../SplitScreen/SplitScreen/Content/StarterContent/Textures/T_ground_Moss_D.uasset" 492
"../../../../../SplitScreen/SplitScreen/Content/StarterContent/Textures/T_Ground_Moss_N.uasset" 493
"../../../../../SplitScreen/SplitScreen/Content/StarterContent/Materials/M_Ground_Moss.uasset" 494
"../../../../../SplitScreen/SplitScreen/Content/StarterContent/Materials/M_Metal_Chrome.uasset" 495
"../../../../../SplitScreen/SplitScreen/Content/StarterContent/Textures/T_Metal_Gold_D.uasset" 496
"../../../../../SplitScreen/SplitScreen/Content/StarterContent/Materials/M_Metal_Gold.uasset" 497
"../../../../../SplitScreen/SplitScreen/Content/StarterContent/Textures/T_Metal_Rust_D.uasset" 498
"../../../../../SplitScreen/SplitScreen/Content/StarterContent/Materials/M_Metal_Rust.uasset" 499
"../../../../../SplitScreen/SplitScreen/Content/StarterContent/Textures/T_Metal_Steel_D.uasset" 500
"../../../../../SplitScreen/SplitScreen/Content/StarterContent/Textures/T_Metal_Steel_N.uasset" 501
"../../../../../SplitScreen/SplitScreen/Content/StarterContent/Materials/M_Metal_Steel.uasset" 502
"../../../../../SplitScreen/SplitScreen/Content/StarterContent/Textures/T_Rock_Basalt_N.uasset" 503
"../../../../../SplitScreen/SplitScreen/Content/StarterContent/Materials/M_Rock_Basalt.uasset" 504
"../../../../../SplitScreen/SplitScreen/Content/StarterContent/Materials/M_Rock_Marble_Polished.uasset" 505
"../../../../../SplitScreen/SplitScreen/Content/StarterContent/Textures/T_Rock_Sandstone_D.uasset" 506
"../../../../../SplitScreen/SplitScreen/Content/StarterContent/Textures/T_Rock_Sandstone_N.uasset" 507
"../../../../../SplitScreen/SplitScreen/Content/StarterContent/Materials/M_Rock_Sandstone.uasset" 508
"../../../../../SplitScreen/SplitScreen/Content/StarterContent/Textures/T_Rock_Slate_D.uasset" 509
"../../../../../SplitScreen/SplitScreen/Content/StarterContent/Textures/T_Rock_Slate_N.uasset" 510
"../../../../../SplitScreen/SplitScreen/Content/StarterContent/Materials/M_Rock_Slate.uasset" 511
"../../../../../SplitScreen/SplitScreen/Content/StarterContent/Textures/T_Checker_Noise_M.uasset" 512
"../../../../../SplitScreen/SplitScreen/Content/StarterContent/Textures/T_Single_Tile_N.uasset" 513
"../../../../../SplitScreen/SplitScreen/Content/StarterContent/Textures/T_Tech_Dot_M.uasset" 514
"../../../../../SplitScreen/SplitScreen/Content/StarterContent/Textures/T_Tech_Dot_N.uasset" 515
"../../../../../SplitScreen/SplitScreen/Content/StarterContent/Materials/M_Tech_Checker_Dot.uasset" 516
"../../../../../SplitScreen/SplitScreen/Content/StarterContent/Textures/T_Tech_Hex_Tile_M.uasset" 517
"../../../../../SplitScreen/SplitScreen/Content/StarterContent/Textures/T_Tech_Hex_Tile_N.uasset" 518
"../../../../../SplitScreen/SplitScreen/Content/StarterContent/Materials/M_Tech_Hex_Tile.uasset" 519
"../../../../../SplitScreen/SplitScreen/Content/StarterContent/Materials/M_Tech_Hex_Tile_Pulse.uasset" 520
"../../../../../SplitScreen/SplitScreen/Content/StarterContent/Textures/T_Tech_Panel_M.uasset" 521
"../../../../../SplitScreen/SplitScreen/Content/StarterContent/Textures/T_Tech_Panel_N.uasset" 522
"../../../../../SplitScreen/SplitScreen/Content/StarterContent/Materials/M_Tech_Panel.uasset" 523
"../../../../../SplitScreen/SplitScreen/Content/StarterContent/Materials/M_Water_Lake.uasset" 524
"../../../../../SplitScreen/SplitScreen/Content/StarterContent/Textures/T_Water_M.uasset" 525
"../../../../../SplitScreen/SplitScreen/Content/StarterContent/Materials/M_Water_Ocean.uasset" 526
"../../../../../SplitScreen/SplitScreen/Content/StarterContent/Textures/T_Wood_Floor_Walnut_D.uasset" 527
"../../../../../SplitScreen/SplitScreen/Content/StarterContent/Textures/T_Wood_Floor_Walnut_M.uasset" 528
"../../../../../SplitScreen/SplitScreen/Content/StarterContent/Textures/T_Wood_Floor_Walnut_N.uasset" 529
"../../../../../SplitScreen/SplitScreen/Content/StarterContent/Materials/M_Wood_Floor_Walnut_Polished.uasset" 530
"../../../Engine/Content/Functions/Engine_MaterialFunctions01/Opacity/AlphaOffset.uasset" 531
"../../../../../SplitScreen/SplitScreen/Content/StarterContent/Materials/M_Wood_Floor_Walnut_Worn.uasset" 532
"../../../../../SplitScreen/SplitScreen/Content/StarterContent/Textures/T_Wood_Oak_D.uasset" 533
"../../../../../SplitScreen/SplitScreen/Content/StarterContent/Textures/T_Wood_Oak_N.uasset" 534
"../../../../../SplitScreen/SplitScreen/Content/StarterContent/Materials/M_Wood_Oak.uasset" 535
"../../../../../SplitScreen/SplitScreen/Content/StarterContent/Textures/T_Wood_Pine_D.uasset" 536
"../../../../../SplitScreen/SplitScreen/Content/StarterContent/Textures/T_Wood_Pine_N.uasset" 537
"../../../../../SplitScreen/SplitScreen/Content/StarterContent/Materials/M_Wood_Pine.uasset" 538
"../../../../../SplitScreen/SplitScreen/Content/StarterContent/Textures/T_Wood_Walnut_D.uasset" 539
"../../../../../SplitScreen/SplitScreen/Content/StarterContent/Textures/T_Wood_Walnut_N.uasset" 540
"../../../../../SplitScreen/SplitScreen/Content/StarterContent/Materials/M_Wood_Walnut.uasset" 541
"../../../../../SplitScreen/SplitScreen/Content/StarterContent/Architecture/Wall_400x200.uasset" 542
"../../../../../SplitScreen/SplitScreen/Content/StarterContent/Architecture/Wall_Door_400x300.uasset" 543
"../../../../../SplitScreen/SplitScreen/Content/StarterContent/Architecture/Wall_Window_400x300.uasset" 544
"../../../../../SplitScreen/SplitScreen/Content/StarterContent/Audio/Collapse_Cue.uasset" 545
"../../../../../SplitScreen/SplitScreen/Content/StarterContent/Audio/Starter_Music_Cue.uasset" 546
"../../../../../SplitScreen/SplitScreen/Content/StarterContent/Textures/T_Dust_Particle_D.uasset" 547
"../../../../../SplitScreen/SplitScreen/Content/StarterContent/Particles/Materials/M_Dust_Particle.uasset" 548
"../../../../../SplitScreen/SplitScreen/Content/StarterContent/Particles/P_Ambient_Dust.uasset" 549
"../../../../../SplitScreen/SplitScreen/Content/StarterContent/Props/MaterialSphere.uasset" 550
"../../../../../SplitScreen/SplitScreen/Content/StarterContent/Textures/T_Frame_M.uasset" 551
"../../../../../SplitScreen/SplitScreen/Content/StarterContent/Textures/T_Frame_N.uasset" 552
"../../../../../SplitScreen/SplitScreen/Content/StarterContent/Props/Materials/M_Frame.uasset" 553
"../../../../../SplitScreen/SplitScreen/Content/StarterContent/Props/SM_CornerFrame.uasset" 554
"../../../../../SplitScreen/SplitScreen/Content/StarterContent/Props/SM_DoorFrame.uasset" 555
"../../../../../SplitScreen/SplitScreen/Content/StarterContent/Props/SM_GlassWindow.uasset" 556
"../../../../../SplitScreen/SplitScreen/Content/StarterContent/Props/SM_PillarFrame.uasset" 557
"../../../../../SplitScreen/SplitScreen/Content/StarterContent/Props/SM_PillarFrame300.uasset" 558
"../../../../../SplitScreen/SplitScreen/Content/StarterContent/Props/SM_WindowFrame.uasset" 559
"../../../../../SplitScreen/SplitScreen/Content/StarterContent/Shapes/Shape_Cube.uasset" 560
"../../../../../SplitScreen/SplitScreen/Content/StarterContent/Shapes/Shape_QuadPyramid.uasset" 561
"../../../../../SplitScreen/SplitScreen/Content/StarterContent/Shapes/Shape_Sphere.uasset" 562
"../../../../../SplitScreen/SplitScreen/Content/StarterContent/Maps/StarterMap.umap" 563
"../../../Engine/Content/Maps/Entry_BuiltData.uasset" 564
"../../../Engine/Content/Maps/Entry.umap" 565
